0 info it worked if it ends with ok
1 verbose cli [ 'node', '/usr/local/bin/npm', 'install', '-g', 'coffee-script' ]
2 info using npm@1.1.61
3 info using node@v0.8.9
4 verbose read json /usr/local/lib/package.json
5 verbose read json /usr/local/lib/package.json
6 verbose cache add [ 'coffee-script', null ]
7 silly cache add name=undefined spec="coffee-script" args=["coffee-script",null]
8 verbose parsed url { pathname: 'coffee-script',
8 verbose parsed url   path: 'coffee-script',
8 verbose parsed url   href: 'coffee-script' }
9 silly lockFile ab358269-coffee-script coffee-script
10 verbose lock coffee-script /Users/seijitanaka/.npm/ab358269-coffee-script.lock
11 silly lockFile ab358269-coffee-script coffee-script
12 verbose addNamed [ 'coffee-script', '' ]
13 verbose addNamed [ null, '' ]
14 silly lockFile 53951495-coffee-script coffee-script@
15 verbose lock coffee-script@ /Users/seijitanaka/.npm/53951495-coffee-script.lock
16 silly addNameRange { name: 'coffee-script', range: '', hasData: false }
17 verbose url raw coffee-script
18 verbose url resolving [ 'https://registry.npmjs.org/', './coffee-script' ]
19 verbose url resolved https://registry.npmjs.org/coffee-script
20 info trying registry request attempt 1 at 23:55:25
21 http GET https://registry.npmjs.org/coffee-script
22 http 200 https://registry.npmjs.org/coffee-script
23 silly registry.get cb [ 200,
23 silly registry.get   { vary: 'Accept',
23 silly registry.get     server: 'CouchDB/1.2.0 (Erlang OTP/R15B)',
23 silly registry.get     etag: '"ES3SNJJG9CXPB6XEIRPAT2G3G"',
23 silly registry.get     date: 'Mon, 17 Sep 2012 06:55:25 GMT',
23 silly registry.get     'content-type': 'application/json',
23 silly registry.get     'content-length': '18142' } ]
24 silly addNameRange number 2 { name: 'coffee-script', range: '', hasData: true }
25 silly addNameRange versions [ 'coffee-script',
25 silly addNameRange   [ '0.7.0',
25 silly addNameRange     '0.7.1',
25 silly addNameRange     '0.7.2',
25 silly addNameRange     '0.9.0',
25 silly addNameRange     '0.9.1',
25 silly addNameRange     '0.9.2',
25 silly addNameRange     '0.9.3',
25 silly addNameRange     '0.9.4',
25 silly addNameRange     '0.9.5',
25 silly addNameRange     '0.9.6',
25 silly addNameRange     '1.0.0',
25 silly addNameRange     '1.0.1',
25 silly addNameRange     '1.1.0',
25 silly addNameRange     '1.1.1',
25 silly addNameRange     '1.1.2',
25 silly addNameRange     '1.1.3',
25 silly addNameRange     '1.2.0',
25 silly addNameRange     '1.3.0',
25 silly addNameRange     '1.3.1',
25 silly addNameRange     '1.3.2',
25 silly addNameRange     '1.3.3' ] ]
26 verbose addNamed [ 'coffee-script', '1.3.3' ]
27 verbose addNamed [ '1.3.3', '1.3.3' ]
28 silly lockFile 022c8436-coffee-script-1-3-3 coffee-script@1.3.3
29 verbose lock coffee-script@1.3.3 /Users/seijitanaka/.npm/022c8436-coffee-script-1-3-3.lock
30 silly lockFile 1b193f6e-e-script-coffee-script-1-3-3-tgz https://registry.npmjs.org/coffee-script/-/coffee-script-1.3.3.tgz
31 verbose lock https://registry.npmjs.org/coffee-script/-/coffee-script-1.3.3.tgz /Users/seijitanaka/.npm/1b193f6e-e-script-coffee-script-1-3-3-tgz.lock
32 verbose addRemoteTarball [ 'https://registry.npmjs.org/coffee-script/-/coffee-script-1.3.3.tgz',
32 verbose addRemoteTarball   '150d6b4cb522894369efed6a2101c20bc7f4a4f4' ]
33 info retry fetch attempt 1 at 23:55:25
34 verbose fetch to= /var/folders/pz/r6v_kg0s5ln2ytp3y8tn22100000gn/T/npm-3249/1347864925830-0.7045991660561413/tmp.tgz
35 http GET https://registry.npmjs.org/coffee-script/-/coffee-script-1.3.3.tgz
36 http 200 https://registry.npmjs.org/coffee-script/-/coffee-script-1.3.3.tgz
37 silly shasum updated bytes 40960
38 silly shasum updated bytes 26866
39 info shasum 150d6b4cb522894369efed6a2101c20bc7f4a4f4
39 info shasum /var/folders/pz/r6v_kg0s5ln2ytp3y8tn22100000gn/T/npm-3249/1347864925830-0.7045991660561413/tmp.tgz
40 verbose tar unpack /var/folders/pz/r6v_kg0s5ln2ytp3y8tn22100000gn/T/npm-3249/1347864925830-0.7045991660561413/tmp.tgz
41 silly lockFile fe6d3bed-25830-0-7045991660561413-package /var/folders/pz/r6v_kg0s5ln2ytp3y8tn22100000gn/T/npm-3249/1347864925830-0.7045991660561413/package
42 verbose lock /var/folders/pz/r6v_kg0s5ln2ytp3y8tn22100000gn/T/npm-3249/1347864925830-0.7045991660561413/package /Users/seijitanaka/.npm/fe6d3bed-25830-0-7045991660561413-package.lock
43 silly gunzTarPerm modes [ '755', '644' ]
44 silly gunzTarPerm extractEntry package.json
45 silly gunzTarPerm extractEntry .npmignore
46 silly gunzTarPerm extractEntry README
47 silly gunzTarPerm extractEntry LICENSE
48 silly gunzTarPerm extractEntry bin/cake
49 silly gunzTarPerm extractEntry bin/coffee
50 silly gunzTarPerm extractEntry CNAME
51 silly gunzTarPerm extractEntry extras/jsl.conf
52 silly gunzTarPerm extractEntry lib/coffee-script/browser.js
53 silly gunzTarPerm extractEntry lib/coffee-script/command.js
54 silly gunzTarPerm extractEntry lib/coffee-script/grammar.js
55 silly gunzTarPerm extractEntry lib/coffee-script/helpers.js
56 silly gunzTarPerm extractEntry lib/coffee-script/index.js
57 silly gunzTarPerm extractEntry lib/coffee-script/coffee-script.js
58 silly gunzTarPerm extractEntry lib/coffee-script/nodes.js
59 silly gunzTarPerm extractEntry lib/coffee-script/optparse.js
60 silly gunzTarPerm extractEntry lib/coffee-script/parser.js
61 silly gunzTarPerm extractEntry lib/coffee-script/repl.js
62 silly gunzTarPerm extractEntry lib/coffee-script/rewriter.js
63 silly gunzTarPerm extractEntry lib/coffee-script/cake.js
64 silly gunzTarPerm extractEntry lib/coffee-script/scope.js
65 silly gunzTarPerm extractEntry lib/coffee-script/lexer.js
66 silly gunzTarPerm extractEntry Rakefile
67 verbose read json /var/folders/pz/r6v_kg0s5ln2ytp3y8tn22100000gn/T/npm-3249/1347864925830-0.7045991660561413/package/package.json
68 silly lockFile fe6d3bed-25830-0-7045991660561413-package /var/folders/pz/r6v_kg0s5ln2ytp3y8tn22100000gn/T/npm-3249/1347864925830-0.7045991660561413/package
69 verbose from cache /var/folders/pz/r6v_kg0s5ln2ytp3y8tn22100000gn/T/npm-3249/1347864925830-0.7045991660561413/package/package.json
70 verbose tar pack [ '/Users/seijitanaka/.npm/coffee-script/1.3.3/package.tgz',
70 verbose tar pack   '/var/folders/pz/r6v_kg0s5ln2ytp3y8tn22100000gn/T/npm-3249/1347864925830-0.7045991660561413/package' ]
71 verbose tarball /Users/seijitanaka/.npm/coffee-script/1.3.3/package.tgz
72 verbose folder /var/folders/pz/r6v_kg0s5ln2ytp3y8tn22100000gn/T/npm-3249/1347864925830-0.7045991660561413/package
73 silly lockFile 200d6ae3--coffee-script-1-3-3-package-tgz /Users/seijitanaka/.npm/coffee-script/1.3.3/package.tgz
74 verbose lock /Users/seijitanaka/.npm/coffee-script/1.3.3/package.tgz /Users/seijitanaka/.npm/200d6ae3--coffee-script-1-3-3-package-tgz.lock
75 silly lockFile 200d6ae3--coffee-script-1-3-3-package-tgz /Users/seijitanaka/.npm/coffee-script/1.3.3/package.tgz
76 silly lockFile 4ae4f3d1--npm-coffee-script-1-3-3-package /Users/seijitanaka/.npm/coffee-script/1.3.3/package
77 verbose lock /Users/seijitanaka/.npm/coffee-script/1.3.3/package /Users/seijitanaka/.npm/4ae4f3d1--npm-coffee-script-1-3-3-package.lock
78 silly lockFile 4ae4f3d1--npm-coffee-script-1-3-3-package /Users/seijitanaka/.npm/coffee-script/1.3.3/package
79 verbose tar unpack /Users/seijitanaka/.npm/coffee-script/1.3.3/package.tgz
80 silly lockFile 4ae4f3d1--npm-coffee-script-1-3-3-package /Users/seijitanaka/.npm/coffee-script/1.3.3/package
81 verbose lock /Users/seijitanaka/.npm/coffee-script/1.3.3/package /Users/seijitanaka/.npm/4ae4f3d1--npm-coffee-script-1-3-3-package.lock
82 silly gunzTarPerm modes [ '755', '644' ]
83 silly gunzTarPerm extractEntry package.json
84 silly gunzTarPerm extractEntry .npmignore
85 silly gunzTarPerm extractEntry README
86 silly gunzTarPerm extractEntry LICENSE
87 silly gunzTarPerm extractEntry bin/cake
88 silly gunzTarPerm extractEntry bin/coffee
89 silly gunzTarPerm extractEntry CNAME
90 silly gunzTarPerm extractEntry extras/jsl.conf
91 silly gunzTarPerm extractEntry lib/coffee-script/browser.js
92 silly gunzTarPerm extractEntry lib/coffee-script/command.js
93 silly gunzTarPerm extractEntry lib/coffee-script/grammar.js
94 silly gunzTarPerm extractEntry lib/coffee-script/helpers.js
95 silly gunzTarPerm extractEntry lib/coffee-script/index.js
96 silly gunzTarPerm extractEntry lib/coffee-script/coffee-script.js
97 silly gunzTarPerm extractEntry lib/coffee-script/nodes.js
98 silly gunzTarPerm extractEntry lib/coffee-script/optparse.js
99 silly gunzTarPerm extractEntry lib/coffee-script/parser.js
100 silly gunzTarPerm extractEntry lib/coffee-script/repl.js
101 silly gunzTarPerm extractEntry lib/coffee-script/rewriter.js
102 silly gunzTarPerm extractEntry lib/coffee-script/cake.js
103 silly gunzTarPerm extractEntry lib/coffee-script/scope.js
104 silly gunzTarPerm extractEntry lib/coffee-script/lexer.js
105 silly gunzTarPerm extractEntry Rakefile
106 verbose read json /Users/seijitanaka/.npm/coffee-script/1.3.3/package/package.json
107 silly lockFile 4ae4f3d1--npm-coffee-script-1-3-3-package /Users/seijitanaka/.npm/coffee-script/1.3.3/package
108 silly shasum updated bytes 40960
109 silly shasum updated bytes 26866
110 info shasum 150d6b4cb522894369efed6a2101c20bc7f4a4f4
110 info shasum /Users/seijitanaka/.npm/coffee-script/1.3.3/package.tgz
111 verbose from cache /Users/seijitanaka/.npm/coffee-script/1.3.3/package/package.json
112 verbose chmod /Users/seijitanaka/.npm/coffee-script/1.3.3/package.tgz 644
113 verbose chown /Users/seijitanaka/.npm/coffee-script/1.3.3/package.tgz [ 501, 20 ]
114 silly lockFile 1b193f6e-e-script-coffee-script-1-3-3-tgz https://registry.npmjs.org/coffee-script/-/coffee-script-1.3.3.tgz
115 silly lockFile 022c8436-coffee-script-1-3-3 coffee-script@1.3.3
116 silly lockFile 53951495-coffee-script coffee-script@
117 silly resolved [ { name: 'coffee-script',
117 silly resolved     description: 'Unfancy JavaScript',
117 silly resolved     keywords: [ 'javascript', 'language', 'coffeescript', 'compiler' ],
117 silly resolved     author: { name: 'Jeremy Ashkenas' },
117 silly resolved     version: '1.3.3',
117 silly resolved     licenses: [ [Object] ],
117 silly resolved     engines: { node: '>=0.4.0' },
117 silly resolved     directories: { lib: './lib/coffee-script' },
117 silly resolved     main: './lib/coffee-script/coffee-script',
117 silly resolved     bin: { coffee: './bin/coffee', cake: './bin/cake' },
117 silly resolved     homepage: 'http://coffeescript.org',
117 silly resolved     bugs: 'https://github.com/jashkenas/coffee-script/issues',
117 silly resolved     repository:
117 silly resolved      { type: 'git',
117 silly resolved        url: 'git://github.com/jashkenas/coffee-script.git' },
117 silly resolved     devDependencies: { 'uglify-js': '>=1.0.0', jison: '>=0.2.0' },
117 silly resolved     readme: '\n            {\n         }   }   {\n        {   {  }  }\n         }   }{  {\n        {  }{  }  }                    _____       __  __\n       ( }{ }{  { )                   / ____|     / _|/ _|\n     .- { { }  { }} -.               | |     ___ | |_| |_ ___  ___\n    (  ( } { } { } }  )              | |    / _ \\|  _|  _/ _ \\/ _ \\\n    |`-..________ ..-\'|              | |___| (_) | | | ||  __/  __/\n    |                 |               \\_____\\___/|_| |_| \\___|\\___|\n    |                 ;--.\n    |                (__  \\            _____           _       _\n    |                 | )  )          / ____|         (_)     | |\n    |                 |/  /          | (___   ___ _ __ _ _ __ | |_\n    |                 (  /            \\___ \\ / __| \'__| | \'_ \\| __|\n    |                 |/              ____) | (__| |  | | |_) | |_\n    |                 |              |_____/ \\___|_|  |_| .__/ \\__|\n     `-.._________..-\'                                  | |\n                                                        |_|\n\n\n  CoffeeScript is a little language that compiles into JavaScript.\n\n  Install Node.js, and then the CoffeeScript compiler:\n  sudo bin/cake install\n\n  Or, if you have the Node Package Manager installed:\n  npm install -g coffee-script\n  (Leave off the -g if you don\'t wish to install globally.)\n\n  Execute a script:\n  coffee /path/to/script.coffee\n\n  Compile a script:\n  coffee -c /path/to/script.coffee\n\n  For documentation, usage, and examples, see:\n  http://coffeescript.org/\n\n  To suggest a feature, report a bug, or general discussion:\n  http://github.com/jashkenas/coffee-script/issues/\n\n  If you\'d like to chat, drop by #coffeescript on Freenode IRC,\n  or on webchat.freenode.net.\n\n  The source repository:\n  git://github.com/jashkenas/coffee-script.git\n\n  All contributors are listed here:\n  http://github.com/jashkenas/coffee-script/contributors\n',
117 silly resolved     _id: 'coffee-script@1.3.3',
117 silly resolved     dist: { shasum: '150d6b4cb522894369efed6a2101c20bc7f4a4f4' },
117 silly resolved     _from: 'coffee-script' } ]
118 info install coffee-script@1.3.3 into /usr/local/lib
119 info installOne coffee-script@1.3.3
120 verbose from cache /Users/seijitanaka/.npm/coffee-script/1.3.3/package/package.json
121 info /usr/local/lib/node_modules/coffee-script unbuild
122 verbose read json /usr/local/lib/node_modules/coffee-script/package.json
123 verbose tar unpack /Users/seijitanaka/.npm/coffee-script/1.3.3/package.tgz
124 silly lockFile 7b01d0c2-l-lib-node-modules-coffee-script /usr/local/lib/node_modules/coffee-script
125 verbose lock /usr/local/lib/node_modules/coffee-script /Users/seijitanaka/.npm/7b01d0c2-l-lib-node-modules-coffee-script.lock
126 silly gunzTarPerm modes [ '755', '644' ]
127 error Error: EACCES, mkdir '/usr/local/lib/node_modules/coffee-script'
127 error  { [Error: EACCES, mkdir '/usr/local/lib/node_modules/coffee-script']
127 error   errno: 3,
127 error   code: 'EACCES',
127 error   path: '/usr/local/lib/node_modules/coffee-script',
127 error   fstream_type: 'Directory',
127 error   fstream_path: '/usr/local/lib/node_modules/coffee-script',
127 error   fstream_class: 'DirWriter',
127 error   fstream_stack:
127 error    [ 'DirWriter._create (/usr/local/lib/node_modules/npm/node_modules/fstream/lib/dir-writer.js:36:23)',
127 error      '/usr/local/lib/node_modules/npm/node_modules/mkdirp/index.js:37:53',
127 error      'Object.oncomplete (fs.js:297:15)' ] }
128 error Please try running this command again as root/Administrator.
129 error System Darwin 11.4.0
130 error command "node" "/usr/local/bin/npm" "install" "-g" "coffee-script"
131 error cwd /Users/seijitanaka/Documents/workspace/gal
132 error node -v v0.8.9
133 error npm -v 1.1.61
134 error path /usr/local/lib/node_modules/coffee-script
135 error fstream_path /usr/local/lib/node_modules/coffee-script
136 error fstream_type Directory
137 error fstream_class DirWriter
138 error code EACCES
139 error errno 3
140 error stack Error: EACCES, mkdir '/usr/local/lib/node_modules/coffee-script'
141 error fstream_stack DirWriter._create (/usr/local/lib/node_modules/npm/node_modules/fstream/lib/dir-writer.js:36:23)
141 error fstream_stack /usr/local/lib/node_modules/npm/node_modules/mkdirp/index.js:37:53
141 error fstream_stack Object.oncomplete (fs.js:297:15)
142 verbose exit [ 3, true ]
